Using pre-set license
Built from '2020.3/staging' branch; Version is '2020.3.20f1 (41c4e627c95f) revision 4310246'; Using compiler version '192528614'; Build Type 'Release'
OS: 'Windows 10 Home; OS build 19043.1645; Version 2009; 64bit' Language: 'de' Physical Memory: 8069 MB
BatchMode: 1, IsHumanControllingUs: 0, StartBugReporterOnCrash: 0, Is64bit: 1, IsPro: 0

COMMAND LINE ARGUMENTS:
C:\Program Files\Unity\Hub\Editor\2020.3.20f1\Editor\Unity.exe
-adb2
-batchMode
-noUpm
-name
AssetImportWorker0
-projectPath
C:/Users/Mia/Documents/1_UNITY Projects/GitHub The Golden VolleyBall/The-Golden-VolleyBall/The Golden Volleyball 0.2
-logFile
Logs/AssetImportWorker0.log
-srvPort
57789
Successfully changed project path to: C:/Users/Mia/Documents/1_UNITY Projects/GitHub The Golden VolleyBall/The-Golden-VolleyBall/The Golden Volleyball 0.2
C:/Users/Mia/Documents/1_UNITY Projects/GitHub The Golden VolleyBall/The-Golden-VolleyBall/The Golden Volleyball 0.2
Using Asset Import Pipeline V2.
Refreshing native plugins compatible for Editor in 140.26 ms, found 3 plugins.
Preloading 0 native plugins for Editor in 0.00 ms.
Initialize engine version: 2020.3.20f1 (41c4e627c95f)
[Subsystems] Discovering subsystems at path C:/Program Files/Unity/Hub/Editor/2020.3.20f1/Editor/Data/Resources/UnitySubsystems
[Subsystems] Discovering subsystems at path C:/Users/Mia/Documents/1_UNITY Projects/GitHub The Golden VolleyBall/The-Golden-VolleyBall/The Golden Volleyball 0.2/Assets
GfxDevice: creating device client; threaded=0
Direct3D:
    Version:  Direct3D 11.0 [level 11.1]
    Renderer: Intel(R) HD Graphics 520 (ID=0x1916)
    Vendor:   
    VRAM:     4034 MB
    Driver:   27.20.100.8681
Initialize mono
Mono path[0] = 'C:/Program Files/Unity/Hub/Editor/2020.3.20f1/Editor/Data/Managed'
Mono path[1] = 'C:/Program Files/Unity/Hub/Editor/2020.3.20f1/Editor/Data/MonoBleedingEdge/lib/mono/unityjit'
Mono config path = 'C:/Program Files/Unity/Hub/Editor/2020.3.20f1/Editor/Data/MonoBleedingEdge/etc'
Using monoOptions --debugger-agent=transport=dt_socket,embedding=1,server=y,suspend=n,address=127.0.0.1:56248
Begin MonoManager ReloadAssembly
Registering precompiled unity dll's ...
Register platform support module: C:/Program Files/Unity/Hub/Editor/2020.3.20f1/Editor/Data/PlaybackEngines/WindowsStandaloneSupport/UnityEditor.WindowsStandalone.Extensions.dll
Registered in 0.007446 seconds.
Native extension for WindowsStandalone target not found
Refreshing native plugins compatible for Editor in 225.21 ms, found 3 plugins.
Preloading 0 native plugins for Editor in 0.00 ms.
Mono: successfully reloaded assembly
- Completed reload, in  5.268 seconds
Domain Reload Profiling:
	ReloadAssembly (5268ms)
		BeginReloadAssembly (318ms)
			ExecutionOrderSort (0ms)
			DisableScriptedObjects (0ms)
			BackupInstance (0ms)
			ReleaseScriptingObjects (0ms)
			CreateAndSetChildDomain (2ms)
		EndReloadAssembly (2040ms)
			LoadAssemblies (312ms)
			RebuildTransferFunctionScriptingTraits (0ms)
			SetupTypeCache (650ms)
			ReleaseScriptCaches (0ms)
			RebuildScriptCaches (198ms)
			SetupLoadedEditorAssemblies (788ms)
				LogAssemblyErrors (0ms)
				InitializePlatformSupportModulesInManaged (18ms)
				SetLoadedEditorAssemblies (1ms)
				RefreshPlugins (225ms)
				BeforeProcessingInitializeOnLoad (66ms)
				ProcessInitializeOnLoadAttributes (363ms)
				ProcessInitializeOnLoadMethodAttributes (114ms)
				AfterProcessingInitializeOnLoad (0ms)
				EditorAssembliesLoaded (1ms)
			ExecutionOrderSort2 (0ms)
			AwakeInstancesAfterBackupRestoration (0ms)
Platform modules already initialized, skipping
Registering precompiled user dll's ...
Registered in 0.011213 seconds.
Begin MonoManager ReloadAssembly
Native extension for WindowsStandalone target not found
Refreshing native plugins compatible for Editor in 190.79 ms, found 3 plugins.
Preloading 0 native plugins for Editor in 0.00 ms.
Mono: successfully reloaded assembly
- Completed reload, in  5.685 seconds
Domain Reload Profiling:
	ReloadAssembly (5694ms)
		BeginReloadAssembly (655ms)
			ExecutionOrderSort (0ms)
			DisableScriptedObjects (19ms)
			BackupInstance (0ms)
			ReleaseScriptingObjects (0ms)
			CreateAndSetChildDomain (62ms)
		EndReloadAssembly (4769ms)
			LoadAssemblies (345ms)
			RebuildTransferFunctionScriptingTraits (0ms)
			SetupTypeCache (1393ms)
			ReleaseScriptCaches (1ms)
			RebuildScriptCaches (260ms)
			SetupLoadedEditorAssemblies (2117ms)
				LogAssemblyErrors (0ms)
				InitializePlatformSupportModulesInManaged (14ms)
				SetLoadedEditorAssemblies (1ms)
				RefreshPlugins (191ms)
				BeforeProcessingInitializeOnLoad (436ms)
				ProcessInitializeOnLoadAttributes (1371ms)
				ProcessInitializeOnLoadMethodAttributes (72ms)
				AfterProcessingInitializeOnLoad (31ms)
				EditorAssembliesLoaded (1ms)
			ExecutionOrderSort2 (0ms)
			AwakeInstancesAfterBackupRestoration (60ms)
Platform modules already initialized, skipping
========================================================================
Worker process is ready to serve import requests
Launched and connected shader compiler UnityShaderCompiler.exe after 0.27 seconds
Refreshing native plugins compatible for Editor in 2.64 ms, found 3 plugins.
Preloading 0 native plugins for Editor in 0.00 ms.
Unloading 2095 Unused Serialized files (Serialized files now loaded: 0)
System memory in use before: 94.2 MB.
System memory in use after: 94.3 MB.

Unloading 26 unused Assets to reduce memory usage. Loaded Objects now: 2535.
Total: 17.632300 ms (FindLiveObjects: 1.880300 ms CreateObjectMapping: 0.748500 ms MarkObjects: 14.557000 ms  DeleteObjects: 0.443100 ms)

AssetImportParameters requested are different than current active one (requested -> active):
  custom:framework-win-MediaFoundation: 216162199b28c13a410421893ffa2e32 -> 
  custom:video-decoder-ogg-theora: a1e56fd34408186e4bbccfd4996cb3dc -> 
  custom:container-muxer-webm: aa71ff27fc2769a1b78a27578f13a17b -> 
  custom:container-demuxer-webm: 4f35f7cbe854078d1ac9338744f61a02 -> 
  custom:container-demuxer-ogg: 62fdf1f143b41e24485cea50d1cbac27 -> 
  custom:video-encoder-webm-vp8: eb34c28f22e8b96e1ab97ce403110664 -> 
  custom:video-decoder-webm-vp8: 9c59270c3fd7afecdb556c50c9e8de78 -> 
  custom:audio-decoder-ogg-vorbis: bf7c407c2cedff20999df2af8eb42d56 -> 
  custom:audio-encoder-webm-vorbis: bf7c407c2cedff20999df2af8eb42d56 -> 
========================================================================
Received Import Request.
  path: Assets/MyProject/Assets/AVI by Jul/AVI_Death.png
  artifactKey: Guid(365071542be189544b2a963c4f972522) Importer(815301076,1909f56bfc062723c751e8b465ee728b)
Start importing Assets/MyProject/Assets/AVI by Jul/AVI_Death.png using Guid(365071542be189544b2a963c4f972522) Importer(815301076,1909f56bfc062723c751e8b465ee728b)  -> (artifact id: '5a6d2a999fc5475155a8721a13ebb05b') in 0.765679 seconds 
  Import took 0.777972 seconds .

========================================================================
Received Import Request.
  Time since last request: 0.001054 seconds.
  path: Assets/MyProject/Assets/AVI by Jul/AVI_Running.png
  artifactKey: Guid(2ce0544b2006fc74280c33a653158a63) Importer(815301076,1909f56bfc062723c751e8b465ee728b)
Start importing Assets/MyProject/Assets/AVI by Jul/AVI_Running.png using Guid(2ce0544b2006fc74280c33a653158a63) Importer(815301076,1909f56bfc062723c751e8b465ee728b)  -> (artifact id: '6735aa57a9a5d80f668cfe3b481a0d98') in 0.184086 seconds 
  Import took 0.194692 seconds .

========================================================================
Received Import Request.
  Time since last request: 0.000495 seconds.
  path: Assets/MyProject/Assets/AVI by Jul/AVI_Jumping.png
  artifactKey: Guid(cf8cd7bb5a0ab584ba5bc8013aa3e168) Importer(815301076,1909f56bfc062723c751e8b465ee728b)
Start importing Assets/MyProject/Assets/AVI by Jul/AVI_Jumping.png using Guid(cf8cd7bb5a0ab584ba5bc8013aa3e168) Importer(815301076,1909f56bfc062723c751e8b465ee728b)  -> (artifact id: '328764a588441a3256a0e5f71a78778b') in 0.132455 seconds 
  Import took 0.148434 seconds .

========================================================================
Received Import Request.
  Time since last request: 0.000503 seconds.
  path: Assets/MyProject/Assets/AVI by Jul/AVI_Idle.png
  artifactKey: Guid(74a8d5eec9cffa14aad3f634ee97e09c) Importer(815301076,1909f56bfc062723c751e8b465ee728b)
Start importing Assets/MyProject/Assets/AVI by Jul/AVI_Idle.png using Guid(74a8d5eec9cffa14aad3f634ee97e09c) Importer(815301076,1909f56bfc062723c751e8b465ee728b)  -> (artifact id: '8cad4c72506abf1f0ad0714adb33a63a') in 0.136308 seconds 
  Import took 0.149798 seconds .

========================================================================
Received Import Request.
  Time since last request: 5.306748 seconds.
  path: Assets/MyProject/Assets/AVI by Jul/AVI_Death.png
  artifactKey: Guid(365071542be189544b2a963c4f972522) Importer(815301076,1909f56bfc062723c751e8b465ee728b)
Start importing Assets/MyProject/Assets/AVI by Jul/AVI_Death.png using Guid(365071542be189544b2a963c4f972522) Importer(815301076,1909f56bfc062723c751e8b465ee728b)  -> (artifact id: 'd8fb9bbd3a39e55006a6c10266735fe7') in 0.111811 seconds 
  Import took 0.153419 seconds .

========================================================================
Received Import Request.
  Time since last request: 0.000124 seconds.
  path: Assets/MyProject/Assets/AVI by Jul/AVI_Running.png
  artifactKey: Guid(2ce0544b2006fc74280c33a653158a63) Importer(815301076,1909f56bfc062723c751e8b465ee728b)
Start importing Assets/MyProject/Assets/AVI by Jul/AVI_Running.png using Guid(2ce0544b2006fc74280c33a653158a63) Importer(815301076,1909f56bfc062723c751e8b465ee728b)  -> (artifact id: '6c521b74412bb90f7c70214b15b1b24d') in 0.166447 seconds 
  Import took 0.188750 seconds .

========================================================================
Received Import Request.
  Time since last request: 0.000517 seconds.
  path: Assets/MyProject/Assets/AVI by Jul/AVI_Jumping.png
  artifactKey: Guid(cf8cd7bb5a0ab584ba5bc8013aa3e168) Importer(815301076,1909f56bfc062723c751e8b465ee728b)
Start importing Assets/MyProject/Assets/AVI by Jul/AVI_Jumping.png using Guid(cf8cd7bb5a0ab584ba5bc8013aa3e168) Importer(815301076,1909f56bfc062723c751e8b465ee728b)  -> (artifact id: '30c4eeec98b10de0ed4b11962b5186d8') in 0.205226 seconds 
  Import took 0.217556 seconds .

========================================================================
Received Import Request.
  Time since last request: 0.000539 seconds.
  path: Assets/MyProject/Assets/AVI by Jul/AVI_Idle.png
  artifactKey: Guid(74a8d5eec9cffa14aad3f634ee97e09c) Importer(815301076,1909f56bfc062723c751e8b465ee728b)
Start importing Assets/MyProject/Assets/AVI by Jul/AVI_Idle.png using Guid(74a8d5eec9cffa14aad3f634ee97e09c) Importer(815301076,1909f56bfc062723c751e8b465ee728b)  -> (artifact id: 'f35bc353c217db916e7a543fd12a0f7f') in 0.155702 seconds 
  Import took 0.187196 seconds .

========================================================================
Received Import Request.
  Time since last request: 10.046898 seconds.
  path: Assets/MyProject/Assets/AVI by Jul/AVI_Idle.png
  artifactKey: Guid(74a8d5eec9cffa14aad3f634ee97e09c) Importer(815301076,1909f56bfc062723c751e8b465ee728b)
Start importing Assets/MyProject/Assets/AVI by Jul/AVI_Idle.png using Guid(74a8d5eec9cffa14aad3f634ee97e09c) Importer(815301076,1909f56bfc062723c751e8b465ee728b)  -> (artifact id: 'c29806a80c7908780aae21ff2c42781c') in 0.174175 seconds 
  Import took 0.193146 seconds .

========================================================================
Received Import Request.
  Time since last request: 0.000497 seconds.
  path: Assets/MyProject/Assets/AVI by Jul/AVI_Death.png
  artifactKey: Guid(365071542be189544b2a963c4f972522) Importer(815301076,1909f56bfc062723c751e8b465ee728b)
Start importing Assets/MyProject/Assets/AVI by Jul/AVI_Death.png using Guid(365071542be189544b2a963c4f972522) Importer(815301076,1909f56bfc062723c751e8b465ee728b)  -> (artifact id: 'a84558dd25d02b8e51ae895d0a7cd513') in 0.094956 seconds 
  Import took 0.111073 seconds .

========================================================================
Received Import Request.
  Time since last request: 0.000498 seconds.
  path: Assets/MyProject/Assets/AVI by Jul/AVI_Running.png
  artifactKey: Guid(2ce0544b2006fc74280c33a653158a63) Importer(815301076,1909f56bfc062723c751e8b465ee728b)
Start importing Assets/MyProject/Assets/AVI by Jul/AVI_Running.png using Guid(2ce0544b2006fc74280c33a653158a63) Importer(815301076,1909f56bfc062723c751e8b465ee728b)  -> (artifact id: '374f479e9dfd15aa20a10613db602393') in 0.166069 seconds 
  Import took 0.181114 seconds .

========================================================================
Received Import Request.
  Time since last request: 0.000652 seconds.
  path: Assets/MyProject/Assets/AVI by Jul/AVI_Jumping.png
  artifactKey: Guid(cf8cd7bb5a0ab584ba5bc8013aa3e168) Importer(815301076,1909f56bfc062723c751e8b465ee728b)
Start importing Assets/MyProject/Assets/AVI by Jul/AVI_Jumping.png using Guid(cf8cd7bb5a0ab584ba5bc8013aa3e168) Importer(815301076,1909f56bfc062723c751e8b465ee728b)  -> (artifact id: '0413a986e8ecf801442a9fe0e45b3f74') in 0.162576 seconds 
  Import took 0.209568 seconds .

========================================================================
Received Import Request.
  Time since last request: 8.483673 seconds.
  path: Assets/MyProject/Assets/AVI by Jul/AVI_Idle.png
  artifactKey: Guid(74a8d5eec9cffa14aad3f634ee97e09c) Importer(815301076,1909f56bfc062723c751e8b465ee728b)
Start importing Assets/MyProject/Assets/AVI by Jul/AVI_Idle.png using Guid(74a8d5eec9cffa14aad3f634ee97e09c) Importer(815301076,1909f56bfc062723c751e8b465ee728b)  -> (artifact id: '374f45b5cb4185c3cef7e4c9646f1d01') in 0.130222 seconds 
  Import took 0.141513 seconds .

========================================================================
Received Import Request.
  Time since last request: 0.000558 seconds.
  path: Assets/MyProject/Assets/AVI by Jul/AVI_Death.png
  artifactKey: Guid(365071542be189544b2a963c4f972522) Importer(815301076,1909f56bfc062723c751e8b465ee728b)
Start importing Assets/MyProject/Assets/AVI by Jul/AVI_Death.png using Guid(365071542be189544b2a963c4f972522) Importer(815301076,1909f56bfc062723c751e8b465ee728b)  -> (artifact id: 'bfe22e9f1a7b40e3d77e368a873c97e7') in 0.098913 seconds 
  Import took 0.111010 seconds .

========================================================================
Received Import Request.
  Time since last request: 0.000408 seconds.
  path: Assets/MyProject/Assets/AVI by Jul/AVI_Running.png
  artifactKey: Guid(2ce0544b2006fc74280c33a653158a63) Importer(815301076,1909f56bfc062723c751e8b465ee728b)
Start importing Assets/MyProject/Assets/AVI by Jul/AVI_Running.png using Guid(2ce0544b2006fc74280c33a653158a63) Importer(815301076,1909f56bfc062723c751e8b465ee728b)  -> (artifact id: 'b6801f49c8c8593a97b478a596d4344b') in 0.158005 seconds 
  Import took 0.169292 seconds .

========================================================================
Received Import Request.
  Time since last request: 0.000895 seconds.
  path: Assets/MyProject/Assets/AVI by Jul/AVI_Jumping.png
  artifactKey: Guid(cf8cd7bb5a0ab584ba5bc8013aa3e168) Importer(815301076,1909f56bfc062723c751e8b465ee728b)
Start importing Assets/MyProject/Assets/AVI by Jul/AVI_Jumping.png using Guid(cf8cd7bb5a0ab584ba5bc8013aa3e168) Importer(815301076,1909f56bfc062723c751e8b465ee728b)  -> (artifact id: '4c7d84d2432c0091d5031c285b802bb6') in 0.174753 seconds 
  Import took 0.192556 seconds .

========================================================================
Received Import Request.
  Time since last request: 8.520501 seconds.
  path: Assets/MyProject/Assets/AVI by Jul/AVI_Idle.png
  artifactKey: Guid(74a8d5eec9cffa14aad3f634ee97e09c) Importer(815301076,1909f56bfc062723c751e8b465ee728b)
Start importing Assets/MyProject/Assets/AVI by Jul/AVI_Idle.png using Guid(74a8d5eec9cffa14aad3f634ee97e09c) Importer(815301076,1909f56bfc062723c751e8b465ee728b)  -> (artifact id: 'a6d258a37fe7d05cdaaf48a4ed9a9cd4') in 0.190376 seconds 
  Import took 0.203138 seconds .

========================================================================
Received Import Request.
  Time since last request: 0.000513 seconds.
  path: Assets/MyProject/Assets/AVI by Jul/AVI_Death.png
  artifactKey: Guid(365071542be189544b2a963c4f972522) Importer(815301076,1909f56bfc062723c751e8b465ee728b)
Start importing Assets/MyProject/Assets/AVI by Jul/AVI_Death.png using Guid(365071542be189544b2a963c4f972522) Importer(815301076,1909f56bfc062723c751e8b465ee728b)  -> (artifact id: '3a62121306dbe00b2b2470cd53a951aa') in 0.095308 seconds 
  Import took 0.107726 seconds .

========================================================================
Received Import Request.
  Time since last request: 0.000351 seconds.
  path: Assets/MyProject/Assets/AVI by Jul/AVI_Running.png
  artifactKey: Guid(2ce0544b2006fc74280c33a653158a63) Importer(815301076,1909f56bfc062723c751e8b465ee728b)
Start importing Assets/MyProject/Assets/AVI by Jul/AVI_Running.png using Guid(2ce0544b2006fc74280c33a653158a63) Importer(815301076,1909f56bfc062723c751e8b465ee728b)  -> (artifact id: 'b0cc73a877d44ac719f9b9312e9818f1') in 0.136731 seconds 
  Import took 0.145998 seconds .

========================================================================
Received Import Request.
  Time since last request: 0.000399 seconds.
  path: Assets/MyProject/Assets/AVI by Jul/AVI_Jumping.png
  artifactKey: Guid(cf8cd7bb5a0ab584ba5bc8013aa3e168) Importer(815301076,1909f56bfc062723c751e8b465ee728b)
Start importing Assets/MyProject/Assets/AVI by Jul/AVI_Jumping.png using Guid(cf8cd7bb5a0ab584ba5bc8013aa3e168) Importer(815301076,1909f56bfc062723c751e8b465ee728b)  -> (artifact id: '160dcc845a7b19b7380eb90f29f26233') in 0.194381 seconds 
  Import took 0.208539 seconds .

========================================================================
Received Import Request.
  Time since last request: 778.501699 seconds.
  path: Assets/MyProject/Assets/Tileset by Maike/ground_end.png
  artifactKey: Guid(f57f6d9c9c5e7554aa8cb2e33f8ffaa1) Importer(815301076,1909f56bfc062723c751e8b465ee728b)
Start importing Assets/MyProject/Assets/Tileset by Maike/ground_end.png using Guid(f57f6d9c9c5e7554aa8cb2e33f8ffaa1) Importer(815301076,1909f56bfc062723c751e8b465ee728b)  -> (artifact id: 'ef445d296780b5b93522cbf0bb3afa2f') in 0.042002 seconds 
  Import took 0.051964 seconds .

========================================================================
Received Import Request.
  Time since last request: 0.000315 seconds.
  path: Assets/MyProject/Assets/Tileset by Maike/platform_end.png
  artifactKey: Guid(983beb297c193f1499cf7e05a6190077) Importer(815301076,1909f56bfc062723c751e8b465ee728b)
Start importing Assets/MyProject/Assets/Tileset by Maike/platform_end.png using Guid(983beb297c193f1499cf7e05a6190077) Importer(815301076,1909f56bfc062723c751e8b465ee728b)  -> (artifact id: '9c2451c351de52e945c08ee154f573b6') in 0.031450 seconds 
  Import took 0.041262 seconds .

========================================================================
Received Import Request.
  Time since last request: 0.001539 seconds.
  path: Assets/MyProject/Assets/Tileset by Maike/ground_middle.png
  artifactKey: Guid(59f5a623231febb41894c73546db2147) Importer(815301076,1909f56bfc062723c751e8b465ee728b)
Start importing Assets/MyProject/Assets/Tileset by Maike/ground_middle.png using Guid(59f5a623231febb41894c73546db2147) Importer(815301076,1909f56bfc062723c751e8b465ee728b)  -> (artifact id: '46e79f79dc08d483a0a3189843802488') in 0.038317 seconds 
  Import took 0.046630 seconds .

========================================================================
Received Import Request.
  Time since last request: 0.000402 seconds.
  path: Assets/MyProject/Assets/Tileset by Maike/platform_start.png
  artifactKey: Guid(202c51cc473eccb47b5b5a793dcea051) Importer(815301076,1909f56bfc062723c751e8b465ee728b)
Start importing Assets/MyProject/Assets/Tileset by Maike/platform_start.png using Guid(202c51cc473eccb47b5b5a793dcea051) Importer(815301076,1909f56bfc062723c751e8b465ee728b)  -> (artifact id: '5ca63b7e3f7c7a397c29befeb8b093a9') in 0.038480 seconds 
  Import took 0.048326 seconds .

========================================================================
Received Import Request.
  Time since last request: 0.000320 seconds.
  path: Assets/MyProject/Assets/Tileset by Maike/ground_first.png
  artifactKey: Guid(86b5b5442f1da5140b71a5a65a47e993) Importer(815301076,1909f56bfc062723c751e8b465ee728b)
Start importing Assets/MyProject/Assets/Tileset by Maike/ground_first.png using Guid(86b5b5442f1da5140b71a5a65a47e993) Importer(815301076,1909f56bfc062723c751e8b465ee728b)  -> (artifact id: '4bd844904d2ce1c3068c904cb27fe3dd') in 0.057203 seconds 
  Import took 0.068393 seconds .

========================================================================
Received Import Request.
  Time since last request: 0.000398 seconds.
  path: Assets/MyProject/Assets/Tileset by Maike/platform_middle.png
  artifactKey: Guid(d0c6f19abf6769246a1cdeeecc8982f1) Importer(815301076,1909f56bfc062723c751e8b465ee728b)
Start importing Assets/MyProject/Assets/Tileset by Maike/platform_middle.png using Guid(d0c6f19abf6769246a1cdeeecc8982f1) Importer(815301076,1909f56bfc062723c751e8b465ee728b)  -> (artifact id: '4e14813c7d6cac5529facb8d0304cb0f') in 0.034409 seconds 
  Import took 0.041065 seconds .

========================================================================
Received Import Request.
  Time since last request: 8.443016 seconds.
  path: Assets/MyProject/Assets/Tileset by Maike/ground_end.png
  artifactKey: Guid(f57f6d9c9c5e7554aa8cb2e33f8ffaa1) Importer(815301076,1909f56bfc062723c751e8b465ee728b)
Start importing Assets/MyProject/Assets/Tileset by Maike/ground_end.png using Guid(f57f6d9c9c5e7554aa8cb2e33f8ffaa1) Importer(815301076,1909f56bfc062723c751e8b465ee728b)  -> (artifact id: 'a3da4ba2c2fd08535dcfc6cc54151a2a') in 0.034983 seconds 
  Import took 0.044655 seconds .

========================================================================
Received Import Request.
  Time since last request: 0.000323 seconds.
  path: Assets/MyProject/Assets/Tileset by Maike/platform_end.png
  artifactKey: Guid(983beb297c193f1499cf7e05a6190077) Importer(815301076,1909f56bfc062723c751e8b465ee728b)
Start importing Assets/MyProject/Assets/Tileset by Maike/platform_end.png using Guid(983beb297c193f1499cf7e05a6190077) Importer(815301076,1909f56bfc062723c751e8b465ee728b)  -> (artifact id: '60cd8133f6f4e6e8cf8dec25cbc4c3a6') in 0.027964 seconds 
  Import took 0.038596 seconds .

========================================================================
Received Import Request.
  Time since last request: 0.000305 seconds.
  path: Assets/MyProject/Assets/Tileset by Maike/ground_middle.png
  artifactKey: Guid(59f5a623231febb41894c73546db2147) Importer(815301076,1909f56bfc062723c751e8b465ee728b)
Start importing Assets/MyProject/Assets/Tileset by Maike/ground_middle.png using Guid(59f5a623231febb41894c73546db2147) Importer(815301076,1909f56bfc062723c751e8b465ee728b)  -> (artifact id: 'b9eabc13174ad57e5f3c053de7102bc3') in 0.033960 seconds 
  Import took 0.041516 seconds .

========================================================================
Received Import Request.
  Time since last request: 0.000370 seconds.
  path: Assets/MyProject/Assets/Tileset by Maike/platform_start.png
  artifactKey: Guid(202c51cc473eccb47b5b5a793dcea051) Importer(815301076,1909f56bfc062723c751e8b465ee728b)
Start importing Assets/MyProject/Assets/Tileset by Maike/platform_start.png using Guid(202c51cc473eccb47b5b5a793dcea051) Importer(815301076,1909f56bfc062723c751e8b465ee728b)  -> (artifact id: '99cd0a6eeffb2e835caafc72a8fd9195') in 0.030801 seconds 
  Import took 0.041200 seconds .

========================================================================
Received Import Request.
  Time since last request: 0.000301 seconds.
  path: Assets/MyProject/Assets/Tileset by Maike/ground_first.png
  artifactKey: Guid(86b5b5442f1da5140b71a5a65a47e993) Importer(815301076,1909f56bfc062723c751e8b465ee728b)
Start importing Assets/MyProject/Assets/Tileset by Maike/ground_first.png using Guid(86b5b5442f1da5140b71a5a65a47e993) Importer(815301076,1909f56bfc062723c751e8b465ee728b)  -> (artifact id: '31f5699bc13cae609463c8d147fe6700') in 0.028444 seconds 
  Import took 0.035473 seconds .

========================================================================
Received Import Request.
  Time since last request: 0.000380 seconds.
  path: Assets/MyProject/Assets/Tileset by Maike/platform_middle.png
  artifactKey: Guid(d0c6f19abf6769246a1cdeeecc8982f1) Importer(815301076,1909f56bfc062723c751e8b465ee728b)
Start importing Assets/MyProject/Assets/Tileset by Maike/platform_middle.png using Guid(d0c6f19abf6769246a1cdeeecc8982f1) Importer(815301076,1909f56bfc062723c751e8b465ee728b)  -> (artifact id: 'e36ad0753990509a6d76e9f7036f7587') in 0.028716 seconds 
  Import took 0.037918 seconds .

========================================================================
Received Import Request.
  Time since last request: 20.631413 seconds.
  path: Assets/MyProject/Assets/Tileset by Maike/ground_end.png
  artifactKey: Guid(f57f6d9c9c5e7554aa8cb2e33f8ffaa1) Importer(815301076,1909f56bfc062723c751e8b465ee728b)
Start importing Assets/MyProject/Assets/Tileset by Maike/ground_end.png using Guid(f57f6d9c9c5e7554aa8cb2e33f8ffaa1) Importer(815301076,1909f56bfc062723c751e8b465ee728b)  -> (artifact id: 'bcd00ff3372e275cbcf2a76b63367745') in 0.023402 seconds 
  Import took 0.038776 seconds .

========================================================================
Received Import Request.
  Time since last request: 0.000361 seconds.
  path: Assets/MyProject/Assets/Tileset by Maike/platform_end.png
  artifactKey: Guid(983beb297c193f1499cf7e05a6190077) Importer(815301076,1909f56bfc062723c751e8b465ee728b)
Start importing Assets/MyProject/Assets/Tileset by Maike/platform_end.png using Guid(983beb297c193f1499cf7e05a6190077) Importer(815301076,1909f56bfc062723c751e8b465ee728b)  -> (artifact id: '8feadbeb577b0d2dc915c16f46ee6d4e') in 0.028041 seconds 
  Import took 0.035037 seconds .

========================================================================
Received Import Request.
  Time since last request: 0.000334 seconds.
  path: Assets/MyProject/Assets/Tileset by Maike/ground_middle.png
  artifactKey: Guid(59f5a623231febb41894c73546db2147) Importer(815301076,1909f56bfc062723c751e8b465ee728b)
Start importing Assets/MyProject/Assets/Tileset by Maike/ground_middle.png using Guid(59f5a623231febb41894c73546db2147) Importer(815301076,1909f56bfc062723c751e8b465ee728b)  -> (artifact id: 'f5976fc4cdc289583e70907c1e20cb8a') in 0.024772 seconds 
  Import took 0.033476 seconds .

========================================================================
Received Import Request.
  Time since last request: 0.000831 seconds.
  path: Assets/MyProject/Assets/Tileset by Maike/platform_start.png
  artifactKey: Guid(202c51cc473eccb47b5b5a793dcea051) Importer(815301076,1909f56bfc062723c751e8b465ee728b)
Start importing Assets/MyProject/Assets/Tileset by Maike/platform_start.png using Guid(202c51cc473eccb47b5b5a793dcea051) Importer(815301076,1909f56bfc062723c751e8b465ee728b)  -> (artifact id: 'da1ea4945e07edf8fdd8e67faa303d3c') in 0.046198 seconds 
  Import took 0.080859 seconds .

========================================================================
Received Import Request.
  Time since last request: 0.000447 seconds.
  path: Assets/MyProject/Assets/Tileset by Maike/ground_first.png
  artifactKey: Guid(86b5b5442f1da5140b71a5a65a47e993) Importer(815301076,1909f56bfc062723c751e8b465ee728b)
Start importing Assets/MyProject/Assets/Tileset by Maike/ground_first.png using Guid(86b5b5442f1da5140b71a5a65a47e993) Importer(815301076,1909f56bfc062723c751e8b465ee728b)  -> (artifact id: '8e1debc88c06f4f78cd767e1dd4d4901') in 0.025712 seconds 
  Import took 0.033671 seconds .

========================================================================
Received Import Request.
  Time since last request: 0.000334 seconds.
  path: Assets/MyProject/Assets/Tileset by Maike/platform_middle.png
  artifactKey: Guid(d0c6f19abf6769246a1cdeeecc8982f1) Importer(815301076,1909f56bfc062723c751e8b465ee728b)
Start importing Assets/MyProject/Assets/Tileset by Maike/platform_middle.png using Guid(d0c6f19abf6769246a1cdeeecc8982f1) Importer(815301076,1909f56bfc062723c751e8b465ee728b)  -> (artifact id: '48c6ab717346c36c20b7c4ccc8a33012') in 0.020909 seconds 
  Import took 0.028417 seconds .

========================================================================
Received Import Request.
  Time since last request: 5.990173 seconds.
  path: Assets/MyProject/Assets/Tileset by Maike/ground_end.png
  artifactKey: Guid(f57f6d9c9c5e7554aa8cb2e33f8ffaa1) Importer(815301076,1909f56bfc062723c751e8b465ee728b)
Start importing Assets/MyProject/Assets/Tileset by Maike/ground_end.png using Guid(f57f6d9c9c5e7554aa8cb2e33f8ffaa1) Importer(815301076,1909f56bfc062723c751e8b465ee728b)  -> (artifact id: '0b52ec235264642adaf893a51be57005') in 0.018933 seconds 
  Import took 0.033044 seconds .

========================================================================
Received Import Request.
  Time since last request: 0.000434 seconds.
  path: Assets/MyProject/Assets/Tileset by Maike/platform_end.png
  artifactKey: Guid(983beb297c193f1499cf7e05a6190077) Importer(815301076,1909f56bfc062723c751e8b465ee728b)
Start importing Assets/MyProject/Assets/Tileset by Maike/platform_end.png using Guid(983beb297c193f1499cf7e05a6190077) Importer(815301076,1909f56bfc062723c751e8b465ee728b)  -> (artifact id: '312cea35a25fe3933eaf418900985592') in 0.025608 seconds 
  Import took 0.033583 seconds .

========================================================================
Received Import Request.
  Time since last request: 0.000423 seconds.
  path: Assets/MyProject/Assets/Tileset by Maike/ground_middle.png
  artifactKey: Guid(59f5a623231febb41894c73546db2147) Importer(815301076,1909f56bfc062723c751e8b465ee728b)
Start importing Assets/MyProject/Assets/Tileset by Maike/ground_middle.png using Guid(59f5a623231febb41894c73546db2147) Importer(815301076,1909f56bfc062723c751e8b465ee728b)  -> (artifact id: '2ed4207144f7578a3ecb0dac7c83611a') in 0.026295 seconds 
  Import took 0.033765 seconds .

========================================================================
Received Import Request.
  Time since last request: 0.000434 seconds.
  path: Assets/MyProject/Assets/Tileset by Maike/platform_start.png
  artifactKey: Guid(202c51cc473eccb47b5b5a793dcea051) Importer(815301076,1909f56bfc062723c751e8b465ee728b)
Start importing Assets/MyProject/Assets/Tileset by Maike/platform_start.png using Guid(202c51cc473eccb47b5b5a793dcea051) Importer(815301076,1909f56bfc062723c751e8b465ee728b)  -> (artifact id: '06d5e6c4fab8245dce76a54b7be59b80') in 0.026255 seconds 
  Import took 0.035065 seconds .

========================================================================
Received Import Request.
  Time since last request: 0.000371 seconds.
  path: Assets/MyProject/Assets/Tileset by Maike/ground_first.png
  artifactKey: Guid(86b5b5442f1da5140b71a5a65a47e993) Importer(815301076,1909f56bfc062723c751e8b465ee728b)
Start importing Assets/MyProject/Assets/Tileset by Maike/ground_first.png using Guid(86b5b5442f1da5140b71a5a65a47e993) Importer(815301076,1909f56bfc062723c751e8b465ee728b)  -> (artifact id: 'f5eaaa4c93d6e613397fc914e27f48e7') in 0.022975 seconds 
  Import took 0.031974 seconds .

========================================================================
Received Import Request.
  Time since last request: 0.000380 seconds.
  path: Assets/MyProject/Assets/Tileset by Maike/platform_middle.png
  artifactKey: Guid(d0c6f19abf6769246a1cdeeecc8982f1) Importer(815301076,1909f56bfc062723c751e8b465ee728b)
Start importing Assets/MyProject/Assets/Tileset by Maike/platform_middle.png using Guid(d0c6f19abf6769246a1cdeeecc8982f1) Importer(815301076,1909f56bfc062723c751e8b465ee728b)  -> (artifact id: 'de6902d9debad2d078e7b0434fa69f42') in 0.020797 seconds 
  Import took 0.028644 seconds .

========================================================================
Received Import Request.
  Time since last request: 3.909869 seconds.
  path: Assets/MyProject/Assets/Tileset by Maike/ground_end.png
  artifactKey: Guid(f57f6d9c9c5e7554aa8cb2e33f8ffaa1) Importer(815301076,1909f56bfc062723c751e8b465ee728b)
Start importing Assets/MyProject/Assets/Tileset by Maike/ground_end.png using Guid(f57f6d9c9c5e7554aa8cb2e33f8ffaa1) Importer(815301076,1909f56bfc062723c751e8b465ee728b)  -> (artifact id: '89ac41bca004231fa2ec21894b6f34d4') in 0.022261 seconds 
  Import took 0.032127 seconds .

========================================================================
Received Import Request.
  Time since last request: 0.000429 seconds.
  path: Assets/MyProject/Assets/Tileset by Maike/platform_end.png
  artifactKey: Guid(983beb297c193f1499cf7e05a6190077) Importer(815301076,1909f56bfc062723c751e8b465ee728b)
Start importing Assets/MyProject/Assets/Tileset by Maike/platform_end.png using Guid(983beb297c193f1499cf7e05a6190077) Importer(815301076,1909f56bfc062723c751e8b465ee728b)  -> (artifact id: '2f5227a659e68e690c0a6650077d62b2') in 0.029985 seconds 
  Import took 0.037622 seconds .

========================================================================
Received Import Request.
  Time since last request: 0.000361 seconds.
  path: Assets/MyProject/Assets/Tileset by Maike/ground_middle.png
  artifactKey: Guid(59f5a623231febb41894c73546db2147) Importer(815301076,1909f56bfc062723c751e8b465ee728b)
Start importing Assets/MyProject/Assets/Tileset by Maike/ground_middle.png using Guid(59f5a623231febb41894c73546db2147) Importer(815301076,1909f56bfc062723c751e8b465ee728b)  -> (artifact id: '7a62874c1f8297af60bbd6eba3f1f07c') in 0.036074 seconds 
  Import took 0.049899 seconds .

========================================================================
Received Import Request.
  Time since last request: 0.000384 seconds.
  path: Assets/MyProject/Assets/Tileset by Maike/platform_start.png
  artifactKey: Guid(202c51cc473eccb47b5b5a793dcea051) Importer(815301076,1909f56bfc062723c751e8b465ee728b)
Start importing Assets/MyProject/Assets/Tileset by Maike/platform_start.png using Guid(202c51cc473eccb47b5b5a793dcea051) Importer(815301076,1909f56bfc062723c751e8b465ee728b)  -> (artifact id: '110db9dba61822e5a5f3cb62232ad087') in 0.028306 seconds 
  Import took 0.038193 seconds .

========================================================================
Received Import Request.
  Time since last request: 0.000435 seconds.
  path: Assets/MyProject/Assets/Tileset by Maike/ground_first.png
  artifactKey: Guid(86b5b5442f1da5140b71a5a65a47e993) Importer(815301076,1909f56bfc062723c751e8b465ee728b)
Start importing Assets/MyProject/Assets/Tileset by Maike/ground_first.png using Guid(86b5b5442f1da5140b71a5a65a47e993) Importer(815301076,1909f56bfc062723c751e8b465ee728b)  -> (artifact id: '67117d11d3831256aae65439ac1bcd12') in 0.027977 seconds 
  Import took 0.037414 seconds .

========================================================================
Received Import Request.
  Time since last request: 0.000331 seconds.
  path: Assets/MyProject/Assets/Tileset by Maike/platform_middle.png
  artifactKey: Guid(d0c6f19abf6769246a1cdeeecc8982f1) Importer(815301076,1909f56bfc062723c751e8b465ee728b)
Start importing Assets/MyProject/Assets/Tileset by Maike/platform_middle.png using Guid(d0c6f19abf6769246a1cdeeecc8982f1) Importer(815301076,1909f56bfc062723c751e8b465ee728b)  -> (artifact id: '199a003a410f3000369b1c122949852c') in 0.021959 seconds 
  Import took 0.035255 seconds .

========================================================================
Received Import Request.
  Time since last request: 4.082605 seconds.
  path: Assets/MyProject/Assets/Tileset by Maike/ground_end.png
  artifactKey: Guid(f57f6d9c9c5e7554aa8cb2e33f8ffaa1) Importer(815301076,1909f56bfc062723c751e8b465ee728b)
Start importing Assets/MyProject/Assets/Tileset by Maike/ground_end.png using Guid(f57f6d9c9c5e7554aa8cb2e33f8ffaa1) Importer(815301076,1909f56bfc062723c751e8b465ee728b)  -> (artifact id: '7a63134046f28ec79660289f93d0f3ca') in 0.020823 seconds 
  Import took 0.029112 seconds .

========================================================================
Received Import Request.
  Time since last request: 0.000629 seconds.
  path: Assets/MyProject/Assets/Tileset by Maike/platform_end.png
  artifactKey: Guid(983beb297c193f1499cf7e05a6190077) Importer(815301076,1909f56bfc062723c751e8b465ee728b)
Start importing Assets/MyProject/Assets/Tileset by Maike/platform_end.png using Guid(983beb297c193f1499cf7e05a6190077) Importer(815301076,1909f56bfc062723c751e8b465ee728b)  -> (artifact id: '546704a8beb83f28a75efa2b96a80a34') in 0.024519 seconds 
  Import took 0.032419 seconds .

========================================================================
Received Import Request.
  Time since last request: 0.000670 seconds.
  path: Assets/MyProject/Assets/Tileset by Maike/ground_middle.png
  artifactKey: Guid(59f5a623231febb41894c73546db2147) Importer(815301076,1909f56bfc062723c751e8b465ee728b)
Start importing Assets/MyProject/Assets/Tileset by Maike/ground_middle.png using Guid(59f5a623231febb41894c73546db2147) Importer(815301076,1909f56bfc062723c751e8b465ee728b)  -> (artifact id: '997db312b1c2e1c7d30b9b297779df91') in 0.023303 seconds 
  Import took 0.031914 seconds .

========================================================================
Received Import Request.
  Time since last request: 0.000371 seconds.
  path: Assets/MyProject/Assets/Tileset by Maike/platform_start.png
  artifactKey: Guid(202c51cc473eccb47b5b5a793dcea051) Importer(815301076,1909f56bfc062723c751e8b465ee728b)
Start importing Assets/MyProject/Assets/Tileset by Maike/platform_start.png using Guid(202c51cc473eccb47b5b5a793dcea051) Importer(815301076,1909f56bfc062723c751e8b465ee728b)  -> (artifact id: '2225347d21947c7fbcfd84d0595e853e') in 0.022140 seconds 
  Import took 0.030352 seconds .

========================================================================
Received Import Request.
  Time since last request: 0.000293 seconds.
  path: Assets/MyProject/Assets/Tileset by Maike/ground_first.png
  artifactKey: Guid(86b5b5442f1da5140b71a5a65a47e993) Importer(815301076,1909f56bfc062723c751e8b465ee728b)
Start importing Assets/MyProject/Assets/Tileset by Maike/ground_first.png using Guid(86b5b5442f1da5140b71a5a65a47e993) Importer(815301076,1909f56bfc062723c751e8b465ee728b)  -> (artifact id: 'a07380bc67656db3cc29a628d6c4e633') in 0.028479 seconds 
  Import took 0.037622 seconds .

========================================================================
Received Import Request.
  Time since last request: 0.000308 seconds.
  path: Assets/MyProject/Assets/Tileset by Maike/platform_middle.png
  artifactKey: Guid(d0c6f19abf6769246a1cdeeecc8982f1) Importer(815301076,1909f56bfc062723c751e8b465ee728b)
Start importing Assets/MyProject/Assets/Tileset by Maike/platform_middle.png using Guid(d0c6f19abf6769246a1cdeeecc8982f1) Importer(815301076,1909f56bfc062723c751e8b465ee728b)  -> (artifact id: 'e05e8fef5a3ba2e0069cc757227c06e1') in 0.024007 seconds 
  Import took 0.031649 seconds .

========================================================================
Received Import Request.
  Time since last request: 566.531891 seconds.
  path: Assets/MyProject/Assets/Hindernisse by Maike
  artifactKey: Guid(bb29be73fb2cee641af17b767eac1a46) Importer(815301076,1909f56bfc062723c751e8b465ee728b)
Start importing Assets/MyProject/Assets/Hindernisse by Maike using Guid(bb29be73fb2cee641af17b767eac1a46) Importer(815301076,1909f56bfc062723c751e8b465ee728b)  -> (artifact id: 'b59dd9b0f29a83c09103822ba233797c') in 0.018572 seconds 
  Import took 0.027352 seconds .

========================================================================
Received Import Request.
  Time since last request: 55.402957 seconds.
  path: Assets/MyProject/Assets/Hindernisse by Maike/Bulmentopf.png
  artifactKey: Guid(f34aa0bb5e16a0446a3b1728a1c93486) Importer(815301076,1909f56bfc062723c751e8b465ee728b)
Start importing Assets/MyProject/Assets/Hindernisse by Maike/Bulmentopf.png using Guid(f34aa0bb5e16a0446a3b1728a1c93486) Importer(815301076,1909f56bfc062723c751e8b465ee728b)  -> (artifact id: 'd79d3f5cbf217b27a86ac111dbd90f1b') in 0.042039 seconds 
  Import took 0.051289 seconds .

========================================================================
Received Import Request.
  Time since last request: 0.000348 seconds.
  path: Assets/MyProject/Assets/Hindernisse by Maike/Reifenstapel.png
  artifactKey: Guid(0151c93778657f041817a3d4a0c32efa) Importer(815301076,1909f56bfc062723c751e8b465ee728b)
Start importing Assets/MyProject/Assets/Hindernisse by Maike/Reifenstapel.png using Guid(0151c93778657f041817a3d4a0c32efa) Importer(815301076,1909f56bfc062723c751e8b465ee728b)  -> (artifact id: '378b7766fe803685a7236b97b41af98a') in 0.048753 seconds 
  Import took 0.058383 seconds .

========================================================================
Received Import Request.
  Time since last request: 0.000365 seconds.
  path: Assets/MyProject/Assets/Hindernisse by Maike/Mulltonne.png
  artifactKey: Guid(33c16b338d9d9ea4b93b7fc2bcbc6fde) Importer(815301076,1909f56bfc062723c751e8b465ee728b)
Start importing Assets/MyProject/Assets/Hindernisse by Maike/Mulltonne.png using Guid(33c16b338d9d9ea4b93b7fc2bcbc6fde) Importer(815301076,1909f56bfc062723c751e8b465ee728b)  -> (artifact id: '99dd9c744524474425f54d184c85b7b5') in 0.036853 seconds 
  Import took 0.043159 seconds .

========================================================================
Received Import Request.
  Time since last request: 10.496754 seconds.
  path: Assets/MyProject/Assets/Hindernisse by Maike/Bulmentopf.png
  artifactKey: Guid(f34aa0bb5e16a0446a3b1728a1c93486) Importer(815301076,1909f56bfc062723c751e8b465ee728b)
Start importing Assets/MyProject/Assets/Hindernisse by Maike/Bulmentopf.png using Guid(f34aa0bb5e16a0446a3b1728a1c93486) Importer(815301076,1909f56bfc062723c751e8b465ee728b)  -> (artifact id: 'cfc1f906d1cad435600bc1a853eb52cb') in 0.028547 seconds 
  Import took 0.042262 seconds .

========================================================================
Received Import Request.
  Time since last request: 0.000490 seconds.
  path: Assets/MyProject/Assets/Hindernisse by Maike/Reifenstapel.png
  artifactKey: Guid(0151c93778657f041817a3d4a0c32efa) Importer(815301076,1909f56bfc062723c751e8b465ee728b)
Start importing Assets/MyProject/Assets/Hindernisse by Maike/Reifenstapel.png using Guid(0151c93778657f041817a3d4a0c32efa) Importer(815301076,1909f56bfc062723c751e8b465ee728b)  -> (artifact id: '4541a468d810bdec3c77af2365d7fb9b') in 0.037616 seconds 
  Import took 0.049023 seconds .

========================================================================
Received Import Request.
  Time since last request: 0.000423 seconds.
  path: Assets/MyProject/Assets/Hindernisse by Maike/Mulltonne.png
  artifactKey: Guid(33c16b338d9d9ea4b93b7fc2bcbc6fde) Importer(815301076,1909f56bfc062723c751e8b465ee728b)
Start importing Assets/MyProject/Assets/Hindernisse by Maike/Mulltonne.png using Guid(33c16b338d9d9ea4b93b7fc2bcbc6fde) Importer(815301076,1909f56bfc062723c751e8b465ee728b)  -> (artifact id: '43619de63ac43fbccad5b3f7f37c6d22') in 0.032997 seconds 
  Import took 0.040939 seconds .

========================================================================
Received Import Request.
  Time since last request: 9.898376 seconds.
  path: Assets/MyProject/Assets/Hindernisse by Maike/Reifenstapel.png
  artifactKey: Guid(0151c93778657f041817a3d4a0c32efa) Importer(815301076,1909f56bfc062723c751e8b465ee728b)
Start importing Assets/MyProject/Assets/Hindernisse by Maike/Reifenstapel.png using Guid(0151c93778657f041817a3d4a0c32efa) Importer(815301076,1909f56bfc062723c751e8b465ee728b)  -> (artifact id: 'b815c9d2d1a5ffebba1dfbb12f50c2a2') in 0.024582 seconds 
  Import took 0.032086 seconds .

========================================================================
Received Import Request.
  Time since last request: 0.016936 seconds.
  path: Assets/MyProject/Assets/Hindernisse by Maike/Bulmentopf.png
  artifactKey: Guid(f34aa0bb5e16a0446a3b1728a1c93486) Importer(815301076,1909f56bfc062723c751e8b465ee728b)
Start importing Assets/MyProject/Assets/Hindernisse by Maike/Bulmentopf.png using Guid(f34aa0bb5e16a0446a3b1728a1c93486) Importer(815301076,1909f56bfc062723c751e8b465ee728b)  -> (artifact id: '4440a5c02e05b42c04aaa72e501dbd1d') in 0.030376 seconds 
  Import took 0.044082 seconds .

========================================================================
Received Import Request.
  Time since last request: 0.000389 seconds.
  path: Assets/MyProject/Assets/Hindernisse by Maike/Mulltonne.png
  artifactKey: Guid(33c16b338d9d9ea4b93b7fc2bcbc6fde) Importer(815301076,1909f56bfc062723c751e8b465ee728b)
Start importing Assets/MyProject/Assets/Hindernisse by Maike/Mulltonne.png using Guid(33c16b338d9d9ea4b93b7fc2bcbc6fde) Importer(815301076,1909f56bfc062723c751e8b465ee728b)  -> (artifact id: '77a7b962f64ae0ebd9fe9d0f458b4c62') in 0.028027 seconds 
  Import took 0.038777 seconds .

========================================================================
Received Import Request.
  Time since last request: 4.293247 seconds.
  path: Assets/MyProject/Assets/Hindernisse by Maike/Bulmentopf.png
  artifactKey: Guid(f34aa0bb5e16a0446a3b1728a1c93486) Importer(815301076,1909f56bfc062723c751e8b465ee728b)
Start importing Assets/MyProject/Assets/Hindernisse by Maike/Bulmentopf.png using Guid(f34aa0bb5e16a0446a3b1728a1c93486) Importer(815301076,1909f56bfc062723c751e8b465ee728b)  -> (artifact id: 'c05dc4c48af79ca5e3e48f980c2e0afb') in 0.022344 seconds 
  Import took 0.032098 seconds .

========================================================================
Received Import Request.
  Time since last request: 0.000411 seconds.
  path: Assets/MyProject/Assets/Hindernisse by Maike/Reifenstapel.png
  artifactKey: Guid(0151c93778657f041817a3d4a0c32efa) Importer(815301076,1909f56bfc062723c751e8b465ee728b)
Start importing Assets/MyProject/Assets/Hindernisse by Maike/Reifenstapel.png using Guid(0151c93778657f041817a3d4a0c32efa) Importer(815301076,1909f56bfc062723c751e8b465ee728b)  -> (artifact id: '711e2cacdc1da4d38742e9093f669ec3') in 0.035891 seconds 
  Import took 0.047281 seconds .

========================================================================
Received Import Request.
  Time since last request: 0.002202 seconds.
  path: Assets/MyProject/Assets/Hindernisse by Maike/Mulltonne.png
  artifactKey: Guid(33c16b338d9d9ea4b93b7fc2bcbc6fde) Importer(815301076,1909f56bfc062723c751e8b465ee728b)
Start importing Assets/MyProject/Assets/Hindernisse by Maike/Mulltonne.png using Guid(33c16b338d9d9ea4b93b7fc2bcbc6fde) Importer(815301076,1909f56bfc062723c751e8b465ee728b)  -> (artifact id: '32c167105807e51e1f18522cbd5c03f9') in 0.034549 seconds 
  Import took 0.044035 seconds .

========================================================================
Received Import Request.
  Time since last request: 4.272119 seconds.
  path: Assets/MyProject/Assets/Hindernisse by Maike/Reifenstapel.png
  artifactKey: Guid(0151c93778657f041817a3d4a0c32efa) Importer(815301076,1909f56bfc062723c751e8b465ee728b)
Start importing Assets/MyProject/Assets/Hindernisse by Maike/Reifenstapel.png using Guid(0151c93778657f041817a3d4a0c32efa) Importer(815301076,1909f56bfc062723c751e8b465ee728b)  -> (artifact id: '582e640b97b9b62025fdd8367c65f63a') in 0.023184 seconds 
  Import took 0.029415 seconds .

========================================================================
Received Import Request.
  Time since last request: 0.017209 seconds.
  path: Assets/MyProject/Assets/Hindernisse by Maike/Bulmentopf.png
  artifactKey: Guid(f34aa0bb5e16a0446a3b1728a1c93486) Importer(815301076,1909f56bfc062723c751e8b465ee728b)
Start importing Assets/MyProject/Assets/Hindernisse by Maike/Bulmentopf.png using Guid(f34aa0bb5e16a0446a3b1728a1c93486) Importer(815301076,1909f56bfc062723c751e8b465ee728b)  -> (artifact id: '8624dc1781f9b9549e1c452c64cb2382') in 0.030909 seconds 
  Import took 0.045184 seconds .

========================================================================
Received Import Request.
  Time since last request: 0.000328 seconds.
  path: Assets/MyProject/Assets/Hindernisse by Maike/Mulltonne.png
  artifactKey: Guid(33c16b338d9d9ea4b93b7fc2bcbc6fde) Importer(815301076,1909f56bfc062723c751e8b465ee728b)
Start importing Assets/MyProject/Assets/Hindernisse by Maike/Mulltonne.png using Guid(33c16b338d9d9ea4b93b7fc2bcbc6fde) Importer(815301076,1909f56bfc062723c751e8b465ee728b)  -> (artifact id: 'd79dd108f02b77811506389a2f17327d') in 0.027076 seconds 
  Import took 0.034630 seconds .

========================================================================
Received Import Request.
  Time since last request: 4.137705 seconds.
  path: Assets/MyProject/Assets/Hindernisse by Maike/Bulmentopf.png
  artifactKey: Guid(f34aa0bb5e16a0446a3b1728a1c93486) Importer(815301076,1909f56bfc062723c751e8b465ee728b)
Start importing Assets/MyProject/Assets/Hindernisse by Maike/Bulmentopf.png using Guid(f34aa0bb5e16a0446a3b1728a1c93486) Importer(815301076,1909f56bfc062723c751e8b465ee728b)  -> (artifact id: 'e6a1c1cf2fa310323e36cec040420015') in 0.020972 seconds 
  Import took 0.029363 seconds .

========================================================================
Received Import Request.
  Time since last request: 0.000351 seconds.
  path: Assets/MyProject/Assets/Hindernisse by Maike/Reifenstapel.png
  artifactKey: Guid(0151c93778657f041817a3d4a0c32efa) Importer(815301076,1909f56bfc062723c751e8b465ee728b)
Start importing Assets/MyProject/Assets/Hindernisse by Maike/Reifenstapel.png using Guid(0151c93778657f041817a3d4a0c32efa) Importer(815301076,1909f56bfc062723c751e8b465ee728b)  -> (artifact id: 'dbaadf391f754387addad2f15aeb8c57') in 0.033434 seconds 
  Import took 0.047030 seconds .

========================================================================
Received Import Request.
  Time since last request: 0.000307 seconds.
  path: Assets/MyProject/Assets/Hindernisse by Maike/Mulltonne.png
  artifactKey: Guid(33c16b338d9d9ea4b93b7fc2bcbc6fde) Importer(815301076,1909f56bfc062723c751e8b465ee728b)
Start importing Assets/MyProject/Assets/Hindernisse by Maike/Mulltonne.png using Guid(33c16b338d9d9ea4b93b7fc2bcbc6fde) Importer(815301076,1909f56bfc062723c751e8b465ee728b)  -> (artifact id: 'cf0d2c66c48fd7822e62eacbe4cbe273') in 0.031613 seconds 
  Import took 0.040743 seconds .

========================================================================
Received Import Request.
  Time since last request: 151.682939 seconds.
  path: ProjectSettings/TagManager.asset
  artifactKey: Guid(00000000000000003000000000000000) Importer(815301076,1909f56bfc062723c751e8b465ee728b)
Start importing ProjectSettings/TagManager.asset using Guid(00000000000000003000000000000000) Importer(815301076,1909f56bfc062723c751e8b465ee728b)  -> (artifact id: '95df672b4aaba54310d34c83eef51bb8') in 0.029410 seconds 
  Import took 0.040066 seconds .

========================================================================
Received Import Request.
  Time since last request: 317.952858 seconds.
  path: Assets/MyProject/Prefab/Hindernisse
  artifactKey: Guid(c2751d6188999d648b633ed3d959bac9) Importer(815301076,1909f56bfc062723c751e8b465ee728b)
Start importing Assets/MyProject/Prefab/Hindernisse using Guid(c2751d6188999d648b633ed3d959bac9) Importer(815301076,1909f56bfc062723c751e8b465ee728b)  -> (artifact id: '0673cc9cb1b429e0029b2d222e2e8819') in 0.018062 seconds 
  Import took 0.025398 seconds .

========================================================================
Received Import Request.
  Time since last request: 3.164636 seconds.
  path: Assets/MyProject/Prefab/Hindernisse/Reifenstapel.prefab
  artifactKey: Guid(745b0df7f1d5fef4db5247d120bf6b97) Importer(815301076,1909f56bfc062723c751e8b465ee728b)
Start importing Assets/MyProject/Prefab/Hindernisse/Reifenstapel.prefab using Guid(745b0df7f1d5fef4db5247d120bf6b97) Importer(815301076,1909f56bfc062723c751e8b465ee728b)  -> (artifact id: 'a904e01d73adf05944f70099e63dfc26') in 0.145626 seconds 
  Import took 0.154337 seconds .

========================================================================
Received Import Request.
  Time since last request: 32.353608 seconds.
  path: Assets/MyProject/Prefab/Hindernisse/Mulltonne.prefab
  artifactKey: Guid(f60560ea597df234d9781319d34c3b08) Importer(815301076,1909f56bfc062723c751e8b465ee728b)
Start importing Assets/MyProject/Prefab/Hindernisse/Mulltonne.prefab using Guid(f60560ea597df234d9781319d34c3b08) Importer(815301076,1909f56bfc062723c751e8b465ee728b)  -> (artifact id: '258eaa5e560d2482c2fb73aa617e6045') in 0.026328 seconds 
  Import took 0.032886 seconds .

========================================================================
Received Import Request.
  Time since last request: 31.803714 seconds.
  path: Assets/MyProject/Prefab/Hindernisse/Bulmentopf.prefab
  artifactKey: Guid(d3763ea0d10409c4ab15cae2aeaa3581) Importer(815301076,1909f56bfc062723c751e8b465ee728b)
Start importing Assets/MyProject/Prefab/Hindernisse/Bulmentopf.prefab using Guid(d3763ea0d10409c4ab15cae2aeaa3581) Importer(815301076,1909f56bfc062723c751e8b465ee728b)  -> (artifact id: 'de3482b7e4c90e488b5e7730eb5fe2ef') in 0.034531 seconds 
  Import took 0.042443 seconds .

========================================================================
Received Import Request.
  Time since last request: 71.199915 seconds.
  path: Assets/MyProject/Prefab/Player/Character.prefab
  artifactKey: Guid(450660a3ed6915a43842e787e375ff2a) Importer(815301076,1909f56bfc062723c751e8b465ee728b)
Start importing Assets/MyProject/Prefab/Player/Character.prefab using Guid(450660a3ed6915a43842e787e375ff2a) Importer(815301076,1909f56bfc062723c751e8b465ee728b)  -> (artifact id: 'd653a4fda3d63855f302c7dc550e8ee4') in 0.063434 seconds 
  Import took 0.072411 seconds .

========================================================================
Received Import Request.
  Time since last request: 2.937104 seconds.
  path: Assets/MyProject/Prefab/Player/Character.prefab
  artifactKey: Guid(450660a3ed6915a43842e787e375ff2a) Importer(815301076,1909f56bfc062723c751e8b465ee728b)
Start importing Assets/MyProject/Prefab/Player/Character.prefab using Guid(450660a3ed6915a43842e787e375ff2a) Importer(815301076,1909f56bfc062723c751e8b465ee728b)  -> (artifact id: '073045a9c1cdd66119fbd03a93e80aa0') in 0.015092 seconds 
  Import took 0.023968 seconds .

========================================================================
Received Import Request.
  Time since last request: 17.553201 seconds.
  path: Assets/MyProject/Prefab/Player/Character.prefab
  artifactKey: Guid(450660a3ed6915a43842e787e375ff2a) Importer(815301076,1909f56bfc062723c751e8b465ee728b)
Start importing Assets/MyProject/Prefab/Player/Character.prefab using Guid(450660a3ed6915a43842e787e375ff2a) Importer(815301076,1909f56bfc062723c751e8b465ee728b)  -> (artifact id: '3a188a467b578bc96099905fd108ef83') in 0.011610 seconds 
  Import took 0.019709 seconds .

========================================================================
Received Import Request.
  Time since last request: 162.032432 seconds.
  path: Assets/MyProject/Assets/AVI by Jul/AVI_Idle.png
  artifactKey: Guid(74a8d5eec9cffa14aad3f634ee97e09c) Importer(815301076,1909f56bfc062723c751e8b465ee728b)
Start importing Assets/MyProject/Assets/AVI by Jul/AVI_Idle.png using Guid(74a8d5eec9cffa14aad3f634ee97e09c) Importer(815301076,1909f56bfc062723c751e8b465ee728b)  -> (artifact id: '803eaf168f6e9ccec4a4c7cd8e35cbfb') in 0.097031 seconds 
  Import took 0.107704 seconds .

========================================================================
Received Import Request.
  Time since last request: 0.000552 seconds.
  path: Assets/MyProject/Assets/AVI by Jul/AVI_Death.png
  artifactKey: Guid(365071542be189544b2a963c4f972522) Importer(815301076,1909f56bfc062723c751e8b465ee728b)
Start importing Assets/MyProject/Assets/AVI by Jul/AVI_Death.png using Guid(365071542be189544b2a963c4f972522) Importer(815301076,1909f56bfc062723c751e8b465ee728b)  -> (artifact id: 'e2565657a4733b88e3d01dbd9f130fbb') in 0.064130 seconds 
  Import took 0.070737 seconds .

========================================================================
Received Import Request.
  Time since last request: 0.000320 seconds.
  path: Assets/MyProject/Assets/AVI by Jul/AVI_Running.png
  artifactKey: Guid(2ce0544b2006fc74280c33a653158a63) Importer(815301076,1909f56bfc062723c751e8b465ee728b)
Start importing Assets/MyProject/Assets/AVI by Jul/AVI_Running.png using Guid(2ce0544b2006fc74280c33a653158a63) Importer(815301076,1909f56bfc062723c751e8b465ee728b)  -> (artifact id: '0d6b186a7a386fee2fb5aa1711486e4e') in 0.111640 seconds 
  Import took 0.119098 seconds .

========================================================================
Received Import Request.
  Time since last request: 0.000320 seconds.
  path: Assets/MyProject/Assets/AVI by Jul/AVI_Jumping.png
  artifactKey: Guid(cf8cd7bb5a0ab584ba5bc8013aa3e168) Importer(815301076,1909f56bfc062723c751e8b465ee728b)
Start importing Assets/MyProject/Assets/AVI by Jul/AVI_Jumping.png using Guid(cf8cd7bb5a0ab584ba5bc8013aa3e168) Importer(815301076,1909f56bfc062723c751e8b465ee728b)  -> (artifact id: 'd4c540e9e2e14a6b3d50d15a155122fd') in 0.085069 seconds 
  Import took 0.092751 seconds .

========================================================================
Received Import Request.
  Time since last request: 7.079985 seconds.
  path: Assets/MyProject/Assets/AVI by Jul/AVI_Idle.png
  artifactKey: Guid(74a8d5eec9cffa14aad3f634ee97e09c) Importer(815301076,1909f56bfc062723c751e8b465ee728b)
Start importing Assets/MyProject/Assets/AVI by Jul/AVI_Idle.png using Guid(74a8d5eec9cffa14aad3f634ee97e09c) Importer(815301076,1909f56bfc062723c751e8b465ee728b)  -> (artifact id: '72114636544e4d78610bfacf6d0dbc18') in 0.088951 seconds 
  Import took 0.095084 seconds .

========================================================================
Received Import Request.
  Time since last request: 0.000373 seconds.
  path: Assets/MyProject/Assets/AVI by Jul/AVI_Death.png
  artifactKey: Guid(365071542be189544b2a963c4f972522) Importer(815301076,1909f56bfc062723c751e8b465ee728b)
Start importing Assets/MyProject/Assets/AVI by Jul/AVI_Death.png using Guid(365071542be189544b2a963c4f972522) Importer(815301076,1909f56bfc062723c751e8b465ee728b)  -> (artifact id: '516606135f8bbef848cf5c1fe2b90d9c') in 0.072668 seconds 
  Import took 0.078372 seconds .

========================================================================
Received Import Request.
  Time since last request: 0.000275 seconds.
  path: Assets/MyProject/Assets/AVI by Jul/AVI_Running.png
  artifactKey: Guid(2ce0544b2006fc74280c33a653158a63) Importer(815301076,1909f56bfc062723c751e8b465ee728b)
Start importing Assets/MyProject/Assets/AVI by Jul/AVI_Running.png using Guid(2ce0544b2006fc74280c33a653158a63) Importer(815301076,1909f56bfc062723c751e8b465ee728b)  -> (artifact id: '5019d37cedba8a6c7d258e9fadb7938f') in 0.081310 seconds 
  Import took 0.091971 seconds .

========================================================================
Received Import Request.
  Time since last request: 0.000286 seconds.
  path: Assets/MyProject/Assets/AVI by Jul/AVI_Jumping.png
  artifactKey: Guid(cf8cd7bb5a0ab584ba5bc8013aa3e168) Importer(815301076,1909f56bfc062723c751e8b465ee728b)
Start importing Assets/MyProject/Assets/AVI by Jul/AVI_Jumping.png using Guid(cf8cd7bb5a0ab584ba5bc8013aa3e168) Importer(815301076,1909f56bfc062723c751e8b465ee728b)  -> (artifact id: '2e1af594875aea155be3d3ef5906fba9') in 0.081263 seconds 
  Import took 0.087336 seconds .

========================================================================
Received Import Request.
  Time since last request: 4.719580 seconds.
  path: Assets/MyProject/Assets/AVI by Jul/AVI_Death.png
  artifactKey: Guid(365071542be189544b2a963c4f972522) Importer(815301076,1909f56bfc062723c751e8b465ee728b)
Start importing Assets/MyProject/Assets/AVI by Jul/AVI_Death.png using Guid(365071542be189544b2a963c4f972522) Importer(815301076,1909f56bfc062723c751e8b465ee728b)  -> (artifact id: 'cbda87a90175e2ff762e2d9efa0fecb2') in 0.059468 seconds 
  Import took 0.066796 seconds .

========================================================================
Received Import Request.
  Time since last request: 0.000321 seconds.
  path: Assets/MyProject/Assets/AVI by Jul/AVI_Running.png
  artifactKey: Guid(2ce0544b2006fc74280c33a653158a63) Importer(815301076,1909f56bfc062723c751e8b465ee728b)
Start importing Assets/MyProject/Assets/AVI by Jul/AVI_Running.png using Guid(2ce0544b2006fc74280c33a653158a63) Importer(815301076,1909f56bfc062723c751e8b465ee728b)  -> (artifact id: '9f84bcbfbdcdc1cb3a69379deb536f2e') in 0.095103 seconds 
  Import took 0.104199 seconds .

========================================================================
Received Import Request.
  Time since last request: 0.000337 seconds.
  path: Assets/MyProject/Assets/AVI by Jul/AVI_Jumping.png
  artifactKey: Guid(cf8cd7bb5a0ab584ba5bc8013aa3e168) Importer(815301076,1909f56bfc062723c751e8b465ee728b)
Start importing Assets/MyProject/Assets/AVI by Jul/AVI_Jumping.png using Guid(cf8cd7bb5a0ab584ba5bc8013aa3e168) Importer(815301076,1909f56bfc062723c751e8b465ee728b)  -> (artifact id: '4677a03a6f1f8408ae8607276df9b6b1') in 0.083578 seconds 
  Import took 0.091674 seconds .

========================================================================
Received Import Request.
  Time since last request: 0.000307 seconds.
  path: Assets/MyProject/Assets/AVI by Jul/AVI_Idle.png
  artifactKey: Guid(74a8d5eec9cffa14aad3f634ee97e09c) Importer(815301076,1909f56bfc062723c751e8b465ee728b)
Start importing Assets/MyProject/Assets/AVI by Jul/AVI_Idle.png using Guid(74a8d5eec9cffa14aad3f634ee97e09c) Importer(815301076,1909f56bfc062723c751e8b465ee728b)  -> (artifact id: 'c0a35e4fa9774d3c5dad298660b5b6a6') in 0.087203 seconds 
  Import took 0.093779 seconds .

========================================================================
Received Import Request.
  Time since last request: 124.755527 seconds.
  path: Assets/MyProject/Prefab/Player/Character.prefab
  artifactKey: Guid(450660a3ed6915a43842e787e375ff2a) Importer(815301076,1909f56bfc062723c751e8b465ee728b)
Start importing Assets/MyProject/Prefab/Player/Character.prefab using Guid(450660a3ed6915a43842e787e375ff2a) Importer(815301076,1909f56bfc062723c751e8b465ee728b)  -> (artifact id: 'b59573961f914a63fd318dadb14bc549') in 0.036733 seconds 
  Import took 0.044733 seconds .

========================================================================
Received Import Request.
  Time since last request: 105.855453 seconds.
  path: Assets/MyProject/Prefab/Player/Character.prefab
  artifactKey: Guid(450660a3ed6915a43842e787e375ff2a) Importer(815301076,1909f56bfc062723c751e8b465ee728b)
Start importing Assets/MyProject/Prefab/Player/Character.prefab using Guid(450660a3ed6915a43842e787e375ff2a) Importer(815301076,1909f56bfc062723c751e8b465ee728b)  -> (artifact id: 'e8f779fba7267598d470e93433a61f5f') in 0.032811 seconds 
  Import took 0.044172 seconds .

========================================================================
Received Import Request.
  Time since last request: 18.916481 seconds.
  path: Assets/MyProject/Assets/Background by Jul.png
  artifactKey: Guid(71116777bb58d224c960bab9f2a10578) Importer(815301076,1909f56bfc062723c751e8b465ee728b)
Start importing Assets/MyProject/Assets/Background by Jul.png using Guid(71116777bb58d224c960bab9f2a10578) Importer(815301076,1909f56bfc062723c751e8b465ee728b)  -> (artifact id: 'e4ad10c2013b10839a0408902f7c6f8c') in 0.040481 seconds 
  Import took 0.048623 seconds .

========================================================================
Received Import Request.
  Time since last request: 4.108938 seconds.
  path: Assets/MyProject/Assets/Background by Jul.png
  artifactKey: Guid(71116777bb58d224c960bab9f2a10578) Importer(815301076,1909f56bfc062723c751e8b465ee728b)
Start importing Assets/MyProject/Assets/Background by Jul.png using Guid(71116777bb58d224c960bab9f2a10578) Importer(815301076,1909f56bfc062723c751e8b465ee728b)  -> (artifact id: '009fc2e211a23a6845ccefab2ede4815') in 0.037426 seconds 
  Import took 0.047983 seconds .

========================================================================
Received Import Request.
  Time since last request: 4.744298 seconds.
  path: Assets/MyProject/Assets/Background by Jul.png
  artifactKey: Guid(71116777bb58d224c960bab9f2a10578) Importer(815301076,1909f56bfc062723c751e8b465ee728b)
Start importing Assets/MyProject/Assets/Background by Jul.png using Guid(71116777bb58d224c960bab9f2a10578) Importer(815301076,1909f56bfc062723c751e8b465ee728b)  -> (artifact id: 'b3496ba8a0672325860fbff925c77600') in 0.030790 seconds 
  Import took 0.039224 seconds .

========================================================================
Received Import Request.
  Time since last request: 76232.939764 seconds.
  path: ProjectSettings/TagManager.asset
  artifactKey: Guid(00000000000000003000000000000000) Importer(815301076,1909f56bfc062723c751e8b465ee728b)
Start importing ProjectSettings/TagManager.asset using Guid(00000000000000003000000000000000) Importer(815301076,1909f56bfc062723c751e8b465ee728b)  -> (artifact id: '691b59cc018bddade4b09567e412cac6') in 0.031459 seconds 
  Import took 0.042651 seconds .

========================================================================
Received Import Request.
  Time since last request: 8.099492 seconds.
  path: Assets/MyProject/Prefab/Hindernisse/Bulmentopf.prefab
  artifactKey: Guid(d3763ea0d10409c4ab15cae2aeaa3581) Importer(815301076,1909f56bfc062723c751e8b465ee728b)
Start importing Assets/MyProject/Prefab/Hindernisse/Bulmentopf.prefab using Guid(d3763ea0d10409c4ab15cae2aeaa3581) Importer(815301076,1909f56bfc062723c751e8b465ee728b)  -> (artifact id: '626668cb8f661255d5c4948a30fbbce4') in 0.092207 seconds 
  Import took 0.103748 seconds .

========================================================================
Received Import Request.
  Time since last request: 5.727898 seconds.
  path: Assets/MyProject/Prefab/Hindernisse/Mulltonne.prefab
  artifactKey: Guid(f60560ea597df234d9781319d34c3b08) Importer(815301076,1909f56bfc062723c751e8b465ee728b)
Start importing Assets/MyProject/Prefab/Hindernisse/Mulltonne.prefab using Guid(f60560ea597df234d9781319d34c3b08) Importer(815301076,1909f56bfc062723c751e8b465ee728b)  -> (artifact id: '7791069647d0867e3b177f405458b976') in 0.054586 seconds 
  Import took 0.064203 seconds .

========================================================================
Received Import Request.
  Time since last request: 2.705789 seconds.
  path: Assets/MyProject/Prefab/Hindernisse/Reifenstapel.prefab
  artifactKey: Guid(745b0df7f1d5fef4db5247d120bf6b97) Importer(815301076,1909f56bfc062723c751e8b465ee728b)
Start importing Assets/MyProject/Prefab/Hindernisse/Reifenstapel.prefab using Guid(745b0df7f1d5fef4db5247d120bf6b97) Importer(815301076,1909f56bfc062723c751e8b465ee728b)  -> (artifact id: '9b032591e3cee1c483e6ab69425a280e') in 0.053767 seconds 
  Import took 0.064890 seconds .

========================================================================
Received Import Request.
  Time since last request: 21.212279 seconds.
  path: Assets/MyProject/Prefab/Hindernisse/Bulmentopf.prefab
  artifactKey: Guid(d3763ea0d10409c4ab15cae2aeaa3581) Importer(815301076,1909f56bfc062723c751e8b465ee728b)
Start importing Assets/MyProject/Prefab/Hindernisse/Bulmentopf.prefab using Guid(d3763ea0d10409c4ab15cae2aeaa3581) Importer(815301076,1909f56bfc062723c751e8b465ee728b)  -> (artifact id: 'fabe2358d2a2756c666849b411a5fc9b') in 0.037726 seconds 
  Import took 0.051721 seconds .

========================================================================
Received Import Request.
  Time since last request: 5.446910 seconds.
  path: Assets/MyProject/Prefab/Hindernisse/Mulltonne.prefab
  artifactKey: Guid(f60560ea597df234d9781319d34c3b08) Importer(815301076,1909f56bfc062723c751e8b465ee728b)
Start importing Assets/MyProject/Prefab/Hindernisse/Mulltonne.prefab using Guid(f60560ea597df234d9781319d34c3b08) Importer(815301076,1909f56bfc062723c751e8b465ee728b)  -> (artifact id: '2a0698b3e51309341f53aac59764d775') in 0.020308 seconds 
  Import took 0.027429 seconds .

========================================================================
Received Import Request.
  Time since last request: 1.938973 seconds.
  path: Assets/MyProject/Prefab/Hindernisse/Reifenstapel.prefab
  artifactKey: Guid(745b0df7f1d5fef4db5247d120bf6b97) Importer(815301076,1909f56bfc062723c751e8b465ee728b)
Start importing Assets/MyProject/Prefab/Hindernisse/Reifenstapel.prefab using Guid(745b0df7f1d5fef4db5247d120bf6b97) Importer(815301076,1909f56bfc062723c751e8b465ee728b)  -> (artifact id: 'd5ff005b77ec66e30c537cf714d76b7c') in 0.020731 seconds 
  Import took 0.027824 seconds .

========================================================================
Received Import Request.
  Time since last request: 52.210086 seconds.
  path: Assets/MyProject/Assets/Hindernisse by Maike/Reifenstapel.png
  artifactKey: Guid(0151c93778657f041817a3d4a0c32efa) Importer(815301076,1909f56bfc062723c751e8b465ee728b)
Start importing Assets/MyProject/Assets/Hindernisse by Maike/Reifenstapel.png using Guid(0151c93778657f041817a3d4a0c32efa) Importer(815301076,1909f56bfc062723c751e8b465ee728b)  -> (artifact id: '7e108c2591394ed8345d171b50f2be71') in 0.036085 seconds 
  Import took 0.043643 seconds .

========================================================================
Received Import Request.
  Time since last request: 0.005068 seconds.
  path: Assets/MyProject/Assets/Hindernisse by Maike/Bulmentopf.png
  artifactKey: Guid(f34aa0bb5e16a0446a3b1728a1c93486) Importer(815301076,1909f56bfc062723c751e8b465ee728b)
Start importing Assets/MyProject/Assets/Hindernisse by Maike/Bulmentopf.png using Guid(f34aa0bb5e16a0446a3b1728a1c93486) Importer(815301076,1909f56bfc062723c751e8b465ee728b)  -> (artifact id: '0afa30856fabe542c77b9eea0d7514cd') in 0.025148 seconds 
  Import took 0.036160 seconds .

========================================================================
Received Import Request.
  Time since last request: 0.000315 seconds.
  path: Assets/MyProject/Assets/Hindernisse by Maike/Mulltonne.png
  artifactKey: Guid(33c16b338d9d9ea4b93b7fc2bcbc6fde) Importer(815301076,1909f56bfc062723c751e8b465ee728b)
Start importing Assets/MyProject/Assets/Hindernisse by Maike/Mulltonne.png using Guid(33c16b338d9d9ea4b93b7fc2bcbc6fde) Importer(815301076,1909f56bfc062723c751e8b465ee728b)  -> (artifact id: 'eef4a731748e52b1d67f241fda28f10c') in 0.029130 seconds 
  Import took 0.037677 seconds .

AssetImportWorkerClient::OnTransportError - code=2 error=End of file
